<?xml version="1.0" encoding="UTF-8"?>
<coverage generated="1784549934771" clover="3.2.0">
  <project timestamp="1784549934771" name="All files">
    <metrics statements="74" coveredstatements="74" conditionals="55" coveredconditionals="48" methods="13" coveredmethods="13" elements="142" coveredelements="135" complexity="0" loc="74" ncloc="74" packages="1" files="1" classes="1"/>
    <file name="events.service.ts" path="C:\Users\erick\OneDrive\Documentos\6.Semestre\03. Construccion\CRUD\T.-Clase-03\epn-event-manager\src\modules\events\events.service.ts">
      <metrics statements="74" coveredstatements="74" conditionals="55" coveredconditionals="48" methods="13" coveredmethods="13"/>
      <line num="1" count="2" type="stmt"/>
      <line num="2" count="2" type="stmt"/>
      <line num="3" count="2" type="stmt"/>
      <line num="5" count="2" type="stmt"/>
      <line num="6" count="2" type="stmt"/>
      <line num="7" count="2" type="stmt"/>
      <line num="8" count="2" type="stmt"/>
      <line num="12" count="2" type="stmt"/>
      <line num="15" count="24" type="cond" truecount="6" falsecount="2"/>
      <line num="17" count="24" type="cond" truecount="3" falsecount="1"/>
      <line num="19" count="24" type="cond" truecount="3" falsecount="1"/>
      <line num="21" count="24" type="stmt"/>
      <line num="25" count="8" type="cond" truecount="1" falsecount="1"/>
      <line num="26" count="8" type="cond" truecount="2" falsecount="0"/>
      <line num="28" count="8" type="stmt"/>
      <line num="30" count="8" type="cond" truecount="2" falsecount="0"/>
      <line num="31" count="4" type="stmt"/>
      <line num="40" count="4" type="stmt"/>
      <line num="41" count="4" type="stmt"/>
      <line num="44" count="4" type="cond" truecount="2" falsecount="0"/>
      <line num="45" count="1" type="stmt"/>
      <line num="54" count="1" type="stmt"/>
      <line num="55" count="1" type="stmt"/>
      <line num="58" count="3" type="cond" truecount="2" falsecount="0"/>
      <line num="60" count="1" type="stmt"/>
      <line num="69" count="1" type="stmt"/>
      <line num="70" count="1" type="stmt"/>
      <line num="73" count="2" type="cond" truecount="2" falsecount="0"/>
      <line num="74" count="1" type="stmt"/>
      <line num="83" count="1" type="stmt"/>
      <line num="84" count="1" type="stmt"/>
      <line num="87" count="1" type="stmt"/>
      <line num="97" count="4" type="stmt"/>
      <line num="98" count="4" type="stmt"/>
      <line num="99" count="4" type="stmt"/>
      <line num="100" count="4" type="stmt"/>
      <line num="103" count="4" type="stmt"/>
      <line num="104" count="4" type="stmt"/>
      <line num="109" count="2" type="stmt"/>
      <line num="114" count="1" type="stmt"/>
      <line num="119" count="1" type="stmt"/>
      <line num="127" count="4" type="stmt"/>
      <line num="128" count="5" type="cond" truecount="1" falsecount="1"/>
      <line num="129" count="5" type="cond" truecount="1" falsecount="1"/>
      <line num="130" count="5" type="stmt"/>
      <line num="134" count="4" type="cond" truecount="4" falsecount="0"/>
      <line num="135" count="1" type="stmt"/>
      <line num="138" count="3" type="stmt"/>
      <line num="146" count="7" type="cond" truecount="2" falsecount="0"/>
      <line num="147" count="7" type="cond" truecount="2" falsecount="0"/>
      <line num="150" count="7" type="cond" truecount="5" falsecount="0"/>
      <line num="151" count="1" type="stmt"/>
      <line num="154" count="6" type="stmt"/>
      <line num="155" count="24" type="stmt"/>
      <line num="156" count="24" type="cond" truecount="2" falsecount="0"/>
      <line num="157" count="23" type="stmt"/>
      <line num="158" count="23" type="cond" truecount="4" falsecount="0"/>
      <line num="159" count="20" type="cond" truecount="4" falsecount="0"/>
      <line num="160" count="15" type="stmt"/>
      <line num="165" count="2" type="stmt"/>
      <line num="166" count="2" type="stmt"/>
      <line num="167" count="2" type="stmt"/>
      <line num="168" count="2" type="stmt"/>
      <line num="169" count="2" type="stmt"/>
      <line num="174" count="2" type="stmt"/>
      <line num="175" count="2" type="stmt"/>
      <line num="176" count="2" type="stmt"/>
      <line num="177" count="2" type="stmt"/>
      <line num="178" count="2" type="stmt"/>
      <line num="182" count="2" type="stmt"/>
      <line num="183" count="2" type="stmt"/>
      <line num="184" count="2" type="stmt"/>
      <line num="186" count="2" type="stmt"/>
      <line num="187" count="2" type="stmt"/>
    </file>
  </project>
</coverage>
