{"C:\\Users\\erick\\OneDrive\\Documentos\\6.Semestre\\03. Construccion\\CRUD\\T.-Clase-03\\epn-event-manager\\src\\modules\\events\\events.service.ts": {"path":"C:\\Users\\erick\\OneDrive\\Documentos\\6.Semestre\\03. Construccion\\CRUD\\T.-Clase-03\\epn-event-manager\\src\\modules\\events\\events.service.ts","statementMap":{"0":{"start":{"line":1,"column":0},"end":{"line":1,"column":44}},"1":{"start":{"line":2,"column":0},"end":{"line":2,"column":51}},"2":{"start":{"line":3,"column":0},"end":{"line":3,"column":37}},"3":{"start":{"line":5,"column":0},"end":{"line":5,"column":80}},"4":{"start":{"line":6,"column":0},"end":{"line":6,"column":80}},"5":{"start":{"line":7,"column":0},"end":{"line":7,"column":80}},"6":{"start":{"line":8,"column":0},"end":{"line":8,"column":78}},"7":{"start":{"line":12,"column":7},"end":{"line":195,"column":null}},"8":{"start":{"line":15,"column":21},"end":{"line":15,"column":33}},"9":{"start":{"line":17,"column":21},"end":{"line":17,"column":33}},"10":{"start":{"line":19,"column":21},"end":{"line":19,"column":33}},"11":{"start":{"line":21,"column":21},"end":{"line":21,"column":32}},"12":{"start":{"line":25,"column":19},"end":{"line":25,"column":51}},"13":{"start":{"line":26,"column":23},"end":{"line":26,"column":56}},"14":{"start":{"line":28,"column":20},"end":{"line":28,"column":44}},"15":{"start":{"line":30,"column":4},"end":{"line":42,"column":5}},"16":{"start":{"line":31,"column":17},"end":{"line":39,"column":8}},"17":{"start":{"line":40,"column":6},"end":{"line":40,"column":37}},"18":{"start":{"line":41,"column":6},"end":{"line":41,"column":26}},"19":{"start":{"line":44,"column":4},"end":{"line":56,"column":5}},"20":{"start":{"line":45,"column":17},"end":{"line":53,"column":8}},"21":{"start":{"line":54,"column":6},"end":{"line":54,"column":37}},"22":{"start":{"line":55,"column":6},"end":{"line":55,"column":26}},"23":{"start":{"line":58,"column":4},"end":{"line":71,"column":5}},"24":{"start":{"line":60,"column":17},"end":{"line":68,"column":8}},"25":{"start":{"line":69,"column":6},"end":{"line":69,"column":37}},"26":{"start":{"line":70,"column":6},"end":{"line":70,"column":26}},"27":{"start":{"line":73,"column":4},"end":{"line":85,"column":5}},"28":{"start":{"line":74,"column":17},"end":{"line":82,"column":8}},"29":{"start":{"line":83,"column":6},"end":{"line":83,"column":36}},"30":{"start":{"line":84,"column":6},"end":{"line":84,"column":26}},"31":{"start":{"line":87,"column":4},"end":{"line":87,"column":25}},"32":{"start":{"line":97,"column":20},"end":{"line":97,"column":48}},"33":{"start":{"line":98,"column":20},"end":{"line":98,"column":48}},"34":{"start":{"line":99,"column":20},"end":{"line":99,"column":48}},"35":{"start":{"line":100,"column":20},"end":{"line":100,"column":47}},"36":{"start":{"line":103,"column":19},"end":{"line":124,"column":6}},"37":{"start":{"line":104,"column":29},"end":{"line":108,"column":8}},"38":{"start":{"line":109,"column":29},"end":{"line":113,"column":8}},"39":{"start":{"line":114,"column":29},"end":{"line":118,"column":8}},"40":{"start":{"line":119,"column":29},"end":{"line":123,"column":8}},"41":{"start":{"line":127,"column":4},"end":{"line":131,"column":7}},"42":{"start":{"line":128,"column":18},"end":{"line":128,"column":74}},"43":{"start":{"line":129,"column":18},"end":{"line":129,"column":74}},"44":{"start":{"line":130,"column":6},"end":{"line":130,"column":34}},"45":{"start":{"line":134,"column":4},"end":{"line":136,"column":5}},"46":{"start":{"line":135,"column":6},"end":{"line":135,"column":55}},"47":{"start":{"line":138,"column":4},"end":{"line":138,"column":18}},"48":{"start":{"line":146,"column":21},"end":{"line":146,"column":63}},"49":{"start":{"line":147,"column":19},"end":{"line":147,"column":57}},"50":{"start":{"line":150,"column":4},"end":{"line":152,"column":5}},"51":{"start":{"line":151,"column":6},"end":{"line":151,"column":16}},"52":{"start":{"line":154,"column":4},"end":{"line":161,"column":7}},"53":{"start":{"line":155,"column":18},"end":{"line":155,"column":68}},"54":{"start":{"line":156,"column":6},"end":{"line":156,"column":27}},"55":{"start":{"line":156,"column":15},"end":{"line":156,"column":27}},"56":{"start":{"line":157,"column":24},"end":{"line":157,"column":36}},"57":{"start":{"line":158,"column":6},"end":{"line":158,"column":57}},"58":{"start":{"line":158,"column":44},"end":{"line":158,"column":57}},"59":{"start":{"line":159,"column":6},"end":{"line":159,"column":53}},"60":{"start":{"line":159,"column":40},"end":{"line":159,"column":53}},"61":{"start":{"line":160,"column":6},"end":{"line":160,"column":18}},"62":{"start":{"line":165,"column":20},"end":{"line":165,"column":60}},"63":{"start":{"line":166,"column":20},"end":{"line":166,"column":60}},"64":{"start":{"line":167,"column":20},"end":{"line":167,"column":60}},"65":{"start":{"line":168,"column":20},"end":{"line":168,"column":59}},"66":{"start":{"line":169,"column":4},"end":{"line":169,"column":60}},"67":{"start":{"line":174,"column":20},"end":{"line":174,"column":60}},"68":{"start":{"line":175,"column":20},"end":{"line":175,"column":60}},"69":{"start":{"line":176,"column":20},"end":{"line":176,"column":60}},"70":{"start":{"line":177,"column":20},"end":{"line":177,"column":59}},"71":{"start":{"line":178,"column":4},"end":{"line":178,"column":60}},"72":{"start":{"line":182,"column":24},"end":{"line":182,"column":53}},"73":{"start":{"line":183,"column":24},"end":{"line":183,"column":53}},"74":{"start":{"line":184,"column":24},"end":{"line":184,"column":53}},"75":{"start":{"line":186,"column":23},"end":{"line":186,"column":51}},"76":{"start":{"line":187,"column":4},"end":{"line":193,"column":6}},"77":{"start":{"line":12,"column":13},"end":{"line":12,"column":26}},"78":{"start":{"line":12,"column":13},"end":{"line":195,"column":null}}},"fnMap":{"0":{"name":"(anonymous_4)","decl":{"start":{"line":13,"column":2},"end":{"line":13,"column":null}},"loc":{"start":{"line":21,"column":60},"end":{"line":22,"column":6}}},"1":{"name":"(anonymous_5)","decl":{"start":{"line":24,"column":2},"end":{"line":24,"column":7}},"loc":{"start":{"line":24,"column":41},"end":{"line":88,"column":3}}},"2":{"name":"(anonymous_6)","decl":{"start":{"line":95,"column":2},"end":{"line":95,"column":7}},"loc":{"start":{"line":95,"column":40},"end":{"line":139,"column":3}}},"3":{"name":"(anonymous_7)","decl":{"start":{"line":104,"column":21},"end":{"line":104,"column":22}},"loc":{"start":{"line":104,"column":29},"end":{"line":108,"column":8}}},"4":{"name":"(anonymous_8)","decl":{"start":{"line":109,"column":21},"end":{"line":109,"column":22}},"loc":{"start":{"line":109,"column":29},"end":{"line":113,"column":8}}},"5":{"name":"(anonymous_9)","decl":{"start":{"line":114,"column":21},"end":{"line":114,"column":22}},"loc":{"start":{"line":114,"column":29},"end":{"line":118,"column":8}}},"6":{"name":"(anonymous_10)","decl":{"start":{"line":119,"column":21},"end":{"line":119,"column":22}},"loc":{"start":{"line":119,"column":29},"end":{"line":123,"column":8}}},"7":{"name":"(anonymous_11)","decl":{"start":{"line":127,"column":16},"end":{"line":127,"column":17}},"loc":{"start":{"line":127,"column":25},"end":{"line":131,"column":5}}},"8":{"name":"(anonymous_12)","decl":{"start":{"line":145,"column":2},"end":{"line":145,"column":22}},"loc":{"start":{"line":145,"column":64},"end":{"line":162,"column":3}}},"9":{"name":"(anonymous_13)","decl":{"start":{"line":154,"column":25},"end":{"line":154,"column":26}},"loc":{"start":{"line":154,"column":31},"end":{"line":161,"column":5}}},"10":{"name":"(anonymous_14)","decl":{"start":{"line":164,"column":2},"end":{"line":164,"column":7}},"loc":{"start":{"line":164,"column":35},"end":{"line":170,"column":3}}},"11":{"name":"(anonymous_15)","decl":{"start":{"line":172,"column":2},"end":{"line":172,"column":7}},"loc":{"start":{"line":172,"column":35},"end":{"line":179,"column":3}}},"12":{"name":"(anonymous_16)","decl":{"start":{"line":181,"column":2},"end":{"line":181,"column":7}},"loc":{"start":{"line":181,"column":16},"end":{"line":194,"column":3}}}},"branchMap":{"0":{"loc":{"start":{"line":25,"column":20},"end":{"line":25,"column":36}},"type":"binary-expr","locations":[{"start":{"line":25,"column":20},"end":{"line":25,"column":30}},{"start":{"line":25,"column":34},"end":{"line":25,"column":36}}]},"1":{"loc":{"start":{"line":26,"column":38},"end":{"line":26,"column":55}},"type":"binary-expr","locations":[{"start":{"line":26,"column":38},"end":{"line":26,"column":49}},{"start":{"line":26,"column":53},"end":{"line":26,"column":55}}]},"2":{"loc":{"start":{"line":30,"column":4},"end":{"line":42,"column":5}},"type":"if","locations":[{"start":{"line":30,"column":4},"end":{"line":42,"column":5}},{"start":{},"end":{}}]},"3":{"loc":{"start":{"line":44,"column":4},"end":{"line":56,"column":5}},"type":"if","locations":[{"start":{"line":44,"column":4},"end":{"line":56,"column":5}},{"start":{},"end":{}}]},"4":{"loc":{"start":{"line":58,"column":4},"end":{"line":71,"column":5}},"type":"if","locations":[{"start":{"line":58,"column":4},"end":{"line":71,"column":5}},{"start":{},"end":{}}]},"5":{"loc":{"start":{"line":73,"column":4},"end":{"line":85,"column":5}},"type":"if","locations":[{"start":{"line":73,"column":4},"end":{"line":85,"column":5}},{"start":{},"end":{}}]},"6":{"loc":{"start":{"line":128,"column":18},"end":{"line":128,"column":74}},"type":"binary-expr","locations":[{"start":{"line":128,"column":18},"end":{"line":128,"column":68}},{"start":{"line":128,"column":72},"end":{"line":128,"column":74}}]},"7":{"loc":{"start":{"line":129,"column":18},"end":{"line":129,"column":74}},"type":"binary-expr","locations":[{"start":{"line":129,"column":18},"end":{"line":129,"column":68}},{"start":{"line":129,"column":72},"end":{"line":129,"column":74}}]},"8":{"loc":{"start":{"line":134,"column":4},"end":{"line":136,"column":5}},"type":"if","locations":[{"start":{"line":134,"column":4},"end":{"line":136,"column":5}},{"start":{},"end":{}}]},"9":{"loc":{"start":{"line":134,"column":8},"end":{"line":134,"column":34}},"type":"binary-expr","locations":[{"start":{"line":134,"column":8},"end":{"line":134,"column":20}},{"start":{"line":134,"column":24},"end":{"line":134,"column":34}}]},"10":{"loc":{"start":{"line":146,"column":21},"end":{"line":146,"column":63}},"type":"cond-expr","locations":[{"start":{"line":146,"column":35},"end":{"line":146,"column":56}},{"start":{"line":146,"column":59},"end":{"line":146,"column":63}}]},"11":{"loc":{"start":{"line":147,"column":19},"end":{"line":147,"column":57}},"type":"cond-expr","locations":[{"start":{"line":147,"column":31},"end":{"line":147,"column":50}},{"start":{"line":147,"column":53},"end":{"line":147,"column":57}}]},"12":{"loc":{"start":{"line":150,"column":4},"end":{"line":152,"column":5}},"type":"if","locations":[{"start":{"line":150,"column":4},"end":{"line":152,"column":5}},{"start":{},"end":{}}]},"13":{"loc":{"start":{"line":150,"column":8},"end":{"line":150,"column":47}},"type":"binary-expr","locations":[{"start":{"line":150,"column":8},"end":{"line":150,"column":16}},{"start":{"line":150,"column":20},"end":{"line":150,"column":26}},{"start":{"line":150,"column":30},"end":{"line":150,"column":47}}]},"14":{"loc":{"start":{"line":156,"column":6},"end":{"line":156,"column":27}},"type":"if","locations":[{"start":{"line":156,"column":6},"end":{"line":156,"column":27}},{"start":{},"end":{}}]},"15":{"loc":{"start":{"line":158,"column":6},"end":{"line":158,"column":57}},"type":"if","locations":[{"start":{"line":158,"column":6},"end":{"line":158,"column":57}},{"start":{},"end":{}}]},"16":{"loc":{"start":{"line":158,"column":10},"end":{"line":158,"column":42}},"type":"binary-expr","locations":[{"start":{"line":158,"column":10},"end":{"line":158,"column":18}},{"start":{"line":158,"column":22},"end":{"line":158,"column":42}}]},"17":{"loc":{"start":{"line":159,"column":6},"end":{"line":159,"column":53}},"type":"if","locations":[{"start":{"line":159,"column":6},"end":{"line":159,"column":53}},{"start":{},"end":{}}]},"18":{"loc":{"start":{"line":159,"column":10},"end":{"line":159,"column":38}},"type":"binary-expr","locations":[{"start":{"line":159,"column":10},"end":{"line":159,"column":16}},{"start":{"line":159,"column":20},"end":{"line":159,"column":38}}]},"19":{"loc":{"start":{"line":15,"column":33},"end":{"line":15,"column":62}},"type":"cond-expr","locations":[{"start":{"line":15,"column":43},"end":{"line":15,"column":62}},{"start":{"line":15,"column":43},"end":{"line":15,"column":62}}]},"20":{"loc":{"start":{"line":15,"column":33},"end":{"line":15,"column":43}},"type":"binary-expr","locations":[{"start":{"line":15,"column":33},"end":{"line":15,"column":62}},{"start":{"line":15,"column":33},"end":{"line":15,"column":43}}]},"21":{"loc":{"start":{"line":15,"column":43},"end":{"line":17,"column":62}},"type":"cond-expr","locations":[{"start":{"line":17,"column":43},"end":{"line":17,"column":62}},{"start":{"line":17,"column":43},"end":{"line":17,"column":62}}]},"22":{"loc":{"start":{"line":15,"column":43},"end":{"line":17,"column":43}},"type":"binary-expr","locations":[{"start":{"line":15,"column":43},"end":{"line":17,"column":62}},{"start":{"line":17,"column":33},"end":{"line":17,"column":43}}]},"23":{"loc":{"start":{"line":17,"column":43},"end":{"line":19,"column":62}},"type":"cond-expr","locations":[{"start":{"line":19,"column":43},"end":{"line":19,"column":62}},{"start":{"line":19,"column":43},"end":{"line":19,"column":62}}]},"24":{"loc":{"start":{"line":17,"column":43},"end":{"line":19,"column":43}},"type":"binary-expr","locations":[{"start":{"line":17,"column":43},"end":{"line":19,"column":62}},{"start":{"line":19,"column":33},"end":{"line":19,"column":43}}]},"25":{"loc":{"start":{"line":19,"column":43},"end":{"line":21,"column":60}},"type":"cond-expr","locations":[{"start":{"line":21,"column":42},"end":{"line":21,"column":60}},{"start":{"line":21,"column":42},"end":{"line":21,"column":60}}]},"26":{"loc":{"start":{"line":19,"column":43},"end":{"line":21,"column":42}},"type":"binary-expr","locations":[{"start":{"line":19,"column":43},"end":{"line":21,"column":60}},{"start":{"line":21,"column":32},"end":{"line":21,"column":42}}]}},"s":{"0":2,"1":2,"2":2,"3":2,"4":2,"5":2,"6":2,"7":2,"8":24,"9":24,"10":24,"11":24,"12":8,"13":8,"14":8,"15":8,"16":4,"17":4,"18":4,"19":4,"20":1,"21":1,"22":1,"23":3,"24":1,"25":1,"26":1,"27":2,"28":1,"29":1,"30":1,"31":1,"32":4,"33":4,"34":4,"35":4,"36":4,"37":4,"38":2,"39":1,"40":1,"41":4,"42":5,"43":5,"44":5,"45":4,"46":1,"47":3,"48":7,"49":7,"50":7,"51":1,"52":6,"53":24,"54":24,"55":1,"56":23,"57":23,"58":3,"59":20,"60":5,"61":15,"62":2,"63":2,"64":2,"65":2,"66":2,"67":2,"68":2,"69":2,"70":2,"71":2,"72":2,"73":2,"74":2,"75":2,"76":2,"77":2,"78":2},"f":{"0":24,"1":8,"2":4,"3":4,"4":2,"5":1,"6":1,"7":5,"8":7,"9":24,"10":2,"11":2,"12":2},"b":{"0":[8,0],"1":[8,1],"2":[4,4],"3":[1,3],"4":[1,2],"5":[1,1],"6":[5,0],"7":[5,0],"8":[1,3],"9":[4,3],"10":[5,2],"11":[4,3],"12":[1,6],"13":[7,5,3],"14":[1,23],"15":[3,20],"16":[23,13],"17":[5,15],"18":[20,11],"19":[2,0],"20":[2,2],"21":[2,0],"22":[2,2],"23":[2,0],"24":[2,2],"25":[2,0],"26":[2,2]}}
}
