TN:
SF:src\modules\events\events.service.ts
FN:13,(anonymous_4)
FN:24,(anonymous_5)
FN:95,(anonymous_6)
FN:104,(anonymous_7)
FN:109,(anonymous_8)
FN:114,(anonymous_9)
FN:119,(anonymous_10)
FN:127,(anonymous_11)
FN:145,(anonymous_12)
FN:154,(anonymous_13)
FN:164,(anonymous_14)
FN:172,(anonymous_15)
FN:181,(anonymous_16)
FNF:13
FNH:13
FNDA:24,(anonymous_4)
FNDA:8,(anonymous_5)
FNDA:4,(anonymous_6)
FNDA:4,(anonymous_7)
FNDA:2,(anonymous_8)
FNDA:1,(anonymous_9)
FNDA:1,(anonymous_10)
FNDA:5,(anonymous_11)
FNDA:7,(anonymous_12)
FNDA:24,(anonymous_13)
FNDA:2,(anonymous_14)
FNDA:2,(anonymous_15)
FNDA:2,(anonymous_16)
DA:1,2
DA:2,2
DA:3,2
DA:5,2
DA:6,2
DA:7,2
DA:8,2
DA:12,2
DA:15,24
DA:17,24
DA:19,24
DA:21,24
DA:25,8
DA:26,8
DA:28,8
DA:30,8
DA:31,4
DA:40,4
DA:41,4
DA:44,4
DA:45,1
DA:54,1
DA:55,1
DA:58,3
DA:60,1
DA:69,1
DA:70,1
DA:73,2
DA:74,1
DA:83,1
DA:84,1
DA:87,1
DA:97,4
DA:98,4
DA:99,4
DA:100,4
DA:103,4
DA:104,4
DA:109,2
DA:114,1
DA:119,1
DA:127,4
DA:128,5
DA:129,5
DA:130,5
DA:134,4
DA:135,1
DA:138,3
DA:146,7
DA:147,7
DA:150,7
DA:151,1
DA:154,6
DA:155,24
DA:156,24
DA:157,23
DA:158,23
DA:159,20
DA:160,15
DA:165,2
DA:166,2
DA:167,2
DA:168,2
DA:169,2
DA:174,2
DA:175,2
DA:176,2
DA:177,2
DA:178,2
DA:182,2
DA:183,2
DA:184,2
DA:186,2
DA:187,2
LF:74
LH:74
BRDA:25,0,0,8
BRDA:25,0,1,0
BRDA:26,1,0,8
BRDA:26,1,1,1
BRDA:30,2,0,4
BRDA:30,2,1,4
BRDA:44,3,0,1
BRDA:44,3,1,3
BRDA:58,4,0,1
BRDA:58,4,1,2
BRDA:73,5,0,1
BRDA:73,5,1,1
BRDA:128,6,0,5
BRDA:128,6,1,0
BRDA:129,7,0,5
BRDA:129,7,1,0
BRDA:134,8,0,1
BRDA:134,8,1,3
BRDA:134,9,0,4
BRDA:134,9,1,3
BRDA:146,10,0,5
BRDA:146,10,1,2
BRDA:147,11,0,4
BRDA:147,11,1,3
BRDA:150,12,0,1
BRDA:150,12,1,6
BRDA:150,13,0,7
BRDA:150,13,1,5
BRDA:150,13,2,3
BRDA:156,14,0,1
BRDA:156,14,1,23
BRDA:158,15,0,3
BRDA:158,15,1,20
BRDA:158,16,0,23
BRDA:158,16,1,13
BRDA:159,17,0,5
BRDA:159,17,1,15
BRDA:159,18,0,20
BRDA:159,18,1,11
BRDA:15,19,0,2
BRDA:15,19,1,0
BRDA:15,20,0,2
BRDA:15,20,1,2
BRDA:15,21,0,2
BRDA:15,21,1,0
BRDA:15,22,0,2
BRDA:15,22,1,2
BRDA:17,23,0,2
BRDA:17,23,1,0
BRDA:17,24,0,2
BRDA:17,24,1,2
BRDA:19,25,0,2
BRDA:19,25,1,0
BRDA:19,26,0,2
BRDA:19,26,1,2
BRF:55
BRH:48
end_of_record
